Determining if the pthread_create exist failed with the following output:
Change Dir: /home/pakrasi/catkin_ws/build/CMakeFiles/CMakeTmp

Run Build Command:/usr/bin/make "cmTryCompileExec2618736889/fast"
/usr/bin/make -f CMakeFiles/cmTryCompileExec2618736889.dir/build.make CMakeFiles/cmTryCompileExec2618736889.dir/build
make[1]: Entering directory `/home/pakrasi/catkin_ws/build/CMakeFiles/CMakeTmp'
/usr/bin/cmake -E cmake_progress_report /home/pakrasi/catkin_ws/build/CMakeFiles/CMakeTmp/CMakeFiles 1
Building C object CMakeFiles/cmTryCompileExec2618736889.dir/CheckSymbolExists.c.o
/usr/bin/cc    -o CMakeFiles/cmTryCompileExec2618736889.dir/CheckSymbolExists.c.o   -c /home/pakrasi/catkin_ws/build/CMakeFiles/CMakeTmp/CheckSymbolExists.c
Linking C executable cmTryCompileExec2618736889
/usr/bin/cmake -E cmake_link_script CMakeFiles/cmTryCompileExec2618736889.dir/link.txt --verbose=1
/usr/bin/cc       CMakeFiles/cmTryCompileExec2618736889.dir/CheckSymbolExists.c.o  -o cmTryCompileExec2618736889 -rdynamic 
CMakeFiles/cmTryCompileExec2618736889.dir/CheckSymbolExists.c.o: In function `main':
CheckSymbolExists.c:(.text+0x16): undefined reference to `pthread_create'
collect2: error: ld returned 1 exit status
make[1]: Leaving directory `/home/pakrasi/catkin_ws/build/CMakeFiles/CMakeTmp'
make[1]: *** [cmTryCompileExec2618736889] Error 1
make: *** [cmTryCompileExec2618736889/fast] Error 2

File /home/pakrasi/catkin_ws/build/CMakeFiles/CMakeTmp/CheckSymbolExists.c:
/* */
#include <pthread.h>

int main(int argc, char** argv)
{
  (void)argv;
#ifndef pthread_create
  return ((int*)(&pthread_create))[argc];
#else
  (void)argc;
  return 0;
#endif
}

Determining if the function pthread_create exists in the pthreads failed with the following output:
Change Dir: /home/pakrasi/catkin_ws/build/CMakeFiles/CMakeTmp

Run Build Command:/usr/bin/make "cmTryCompileExec2879603341/fast"
/usr/bin/make -f CMakeFiles/cmTryCompileExec2879603341.dir/build.make CMakeFiles/cmTryCompileExec2879603341.dir/build
make[1]: Entering directory `/home/pakrasi/catkin_ws/build/CMakeFiles/CMakeTmp'
/usr/bin/cmake -E cmake_progress_report /home/pakrasi/catkin_ws/build/CMakeFiles/CMakeTmp/CMakeFiles 1
Building C object CMakeFiles/cmTryCompileExec2879603341.dir/CheckFunctionExists.c.o
/usr/bin/cc   -DCHECK_FUNCTION_EXISTS=pthread_create   -o CMakeFiles/cmTryCompileExec2879603341.dir/CheckFunctionExists.c.o   -c /usr/share/cmake-2.8/Modules/CheckFunctionExists.c
Linking C executable cmTryCompileExec2879603341
/usr/bin/cmake -E cmake_link_script CMakeFiles/cmTryCompileExec2879603341.dir/link.txt --verbose=1
/usr/bin/cc   -DCHECK_FUNCTION_EXISTS=pthread_create    CMakeFiles/cmTryCompileExec2879603341.dir/CheckFunctionExists.c.o  -o cmTryCompileExec2879603341 -rdynamic -lpthreads 
/usr/bin/ld: cannot find -lpthreads
collect2: error: ld returned 1 exit status
make[1]: *** [cmTryCompileExec2879603341] Error 1
make[1]: Leaving directory `/home/pakrasi/catkin_ws/build/CMakeFiles/CMakeTmp'
make: *** [cmTryCompileExec2879603341/fast] Error 2


